Build started 11/07/2015 16:28:49.
     1>Project "C:\Program Files\openFrameworks\apps\myApps\interactiveSound_FullBody\interactiveSound_FullBody.vcxproj" on node 2 (Build target(s)).
     1>ClCompile:
         C:\Program Files (x86)\Microsoft Visual Studio 11.0\VC\bin\CL.exe /c /I..\..\..\libs\openFrameworks /I..\..\..\libs\openFrameworks\graphics /I..\..\..\libs\openFrameworks\app /I..\..\..\libs\openFrameworks\sound /I..\..\..\libs\openFrameworks\utils /I..\..\..\libs\openFrameworks\communication /I..\..\..\libs\openFrameworks\video /I..\..\..\libs\openFrameworks\types /I..\..\..\libs\openFrameworks\math /I..\..\..\libs\openFrameworks\3d /I..\..\..\libs\openFrameworks\gl /I..\..\..\libs\openFrameworks\events /I..\..\..\libs\glut\include /I..\..\..\libs\rtAudio\include /I..\..\..\libs\quicktime\include /I..\..\..\libs\freetype\include /I..\..\..\libs\freetype\include\freetype2 /I..\..\..\libs\freeImage\include /I..\..\..\libs\fmodex\include /I..\..\..\libs\videoInput\include /I..\..\..\libs\glew\include\ /I..\..\..\libs\glu\include /I..\..\..\libs\tess2\include /I..\..\..\libs\cairo\include\cairo /I..\..\..\libs\poco\include /I..\..\..\libs\glfw\include /I..\..\..\libs\openssl\include /I..\..\..\addons /I..\..\..\addons\ofxXmlSettings\libs /I..\..\..\addons\ofxXmlSettings\src /I..\..\..\addons\ofxUI\libs /I..\..\..\addons\ofxUI\src /ZI /nologo /W3 /WX- /Od /Oy- /D WIN32 /D _DEBUG /D _CONSOLE /D POCO_STATIC /D CAIRO_WIN32_STATIC_BUILD /D DISABLE_SOME_FLOATING_POINT /D _UNICODE /D UNICODE /Gm /EHsc /RTC1 /MDd /GS /fp:precise /Zc:wchar_t /Zc:forScope /Fo"obj\Debug\\" /Fd"obj\Debug\vc110.pdb" /Gd /TP /analyze- /errorReport:prompt src\ofApp.cpp
         ofApp.cpp
     1>c:\program files\openframeworks\libs\poco\include\poco\streamconverter.h(126): warning C4250: 'Poco::InputStreamConverter' : inherits 'std::basic_istream<_Elem,_Traits>::std::basic_istream<_Elem,_Traits>::_Add_vtordisp1' via dominance
                 with
                 [
                     _Elem=char,
                     _Traits=std::char_traits<char>
                 ]
                 c:\program files (x86)\microsoft visual studio 11.0\vc\include\istream(74) : see declaration of 'std::basic_istream<_Elem,_Traits>::_Add_vtordisp1'
                 with
                 [
                     _Elem=char,
                     _Traits=std::char_traits<char>
                 ]
     1>c:\program files\openframeworks\libs\poco\include\poco\streamconverter.h(144): warning C4250: 'Poco::OutputStreamConverter' : inherits 'std::basic_ostream<_Elem,_Traits>::std::basic_ostream<_Elem,_Traits>::_Add_vtordisp2' via dominance
                 with
                 [
                     _Elem=char,
                     _Traits=std::char_traits<char>
                 ]
                 c:\program files (x86)\microsoft visual studio 11.0\vc\include\ostream(90) : see declaration of 'std::basic_ostream<_Elem,_Traits>::_Add_vtordisp2'
                 with
                 [
                     _Elem=char,
                     _Traits=std::char_traits<char>
                 ]
       Link:
         C:\Program Files (x86)\Microsoft Visual Studio 11.0\VC\bin\link.exe /ERRORREPORT:PROMPT /OUT:"bin\interactiveSound_FullBody_debug.exe" /INCREMENTAL /NOLOGO /LIBPATH:..\..\..\libs\glut\lib\vs /LIBPATH:..\..\..\libs\glfw\lib\vs /LIBPATH:..\..\..\libs\rtAudio\lib\vs /LIBPATH:..\..\..\libs\FreeImage\lib\vs /LIBPATH:..\..\..\libs\freetype\lib\vs /LIBPATH:..\..\..\libs\quicktime\lib\vs /LIBPATH:..\..\..\libs\fmodex\lib\vs /LIBPATH:..\..\..\libs\videoInput\lib\vs /LIBPATH:..\..\..\libs\cairo\lib\vs /LIBPATH:..\..\..\libs\glew\lib\vs /LIBPATH:..\..\..\libs\glu\lib\vs /LIBPATH:..\..\..\libs\openssl\lib\vs /LIBPATH:..\..\..\libs\Poco\lib\vs /LIBPATH:..\..\..\libs\tess2\lib\vs OpenNI2.lib NiTE2.lib "cairo-static.lib" "pixman-1.lib" msimg32.lib OpenGL32.lib GLu32.lib kernel32.lib setupapi.lib Vfw32.lib comctl32.lib glut32.lib rtAudioD.lib videoInputD.lib libfreetype.lib FreeImage.lib qtmlClient.lib dsound.lib user32.lib gdi32.lib winspool.lib comdlg32.lib advapi32.lib shell32.lib ole32.lib oleaut32.lib uuid.lib glew32s.lib fmodex_vc.lib glu32.lib ssleay32MD.lib libeay32MD.lib crypt32.lib PocoFoundationmdd.lib PocoNetmdd.lib PocoUtilmdd.lib PocoXMLmdd.lib Ws2_32.lib tess2.lib glfw3.lib kernel32.lib user32.lib gdi32.lib winspool.lib comdlg32.lib advapi32.lib shell32.lib ole32.lib oleaut32.lib uuid.lib odbc32.lib odbccp32.lib /NODEFAULTLIB:PocoFoundationmdd.lib /NODEFAULTLIB:atlthunk.lib /NODEFAULTLIB:msvcrt /NODEFAULTLIB:libcmt /NODEFAULTLIB:LIBC /NODEFAULTLIB:LIBCMTD /MANIFEST /MANIFESTUAC:"level='asInvoker' uiAccess='false'" /manifest:embed /DEBUG /PDB:"bin\interactiveSound_FullBody_debug.pdb" /SUBSYSTEM:CONSOLE /TLBID:1 /DYNAMICBASE:NO /NXCOMPAT /IMPLIB:"bin\interactiveSound_FullBody_debug.lib" /MACHINE:X86 /SAFESEH obj\Debug\icon.res
         obj\Debug\main.obj
         obj\Debug\ofApp.obj
         obj\Debug\ofxXmlSettings.obj
         obj\Debug\tinyxml.obj
         obj\Debug\tinyxmlerror.obj
         obj\Debug\tinyxmlparser.obj
         obj\Debug\ofxUI2DGraph.obj
         obj\Debug\ofxUI2DPad.obj
         obj\Debug\ofxUIBaseDraws.obj
         obj\Debug\ofxUIBiLabelSlider.obj
         obj\Debug\ofxUIButton.obj
         obj\Debug\ofxUICanvas.obj
         obj\Debug\ofxUICircleSlider.obj
         obj\Debug\ofxUIDragableLabelButton.obj
         obj\Debug\ofxUIDropDownList.obj
         obj\Debug\ofxUIEventArgs.obj
         obj\Debug\ofxUIFPS.obj
         obj\Debug\ofxUIFPSSlider.obj
         obj\Debug\ofxUIImage.obj
         obj\Debug\ofxUIImageButton.obj
         obj\Debug\ofxUIImageSampler.obj
         obj\Debug\ofxUIImageSlider.obj
         obj\Debug\ofxUIImageToggle.obj
         obj\Debug\ofxUILabel.obj
         obj\Debug\ofxUILabelButton.obj
         obj\Debug\ofxUILabelToggle.obj
         obj\Debug\ofxUIMinimalSlider.obj
         obj\Debug\ofxUIMovingGraph.obj
         obj\Debug\ofxUIMultiImageButton.obj
         obj\Debug\ofxUIMultiImageToggle.obj
         obj\Debug\ofxUINumberDialer.obj
         obj\Debug\ofxUIRadio.obj
         obj\Debug\ofxUIRangeSlider.obj
         obj\Debug\ofxUIRectangle.obj
         obj\Debug\ofxUIRotarySlider.obj
         obj\Debug\ofxUIScrollableCanvas.obj
         obj\Debug\ofxUISlider.obj
         obj\Debug\ofxUISortableList.obj
         obj\Debug\ofxUISpacer.obj
         obj\Debug\ofxUISpectrum.obj
         obj\Debug\ofxUISuperCanvas.obj
         obj\Debug\ofxUITabBar.obj
         obj\Debug\ofxUITextArea.obj
         obj\Debug\ofxUITextInput.obj
         obj\Debug\ofxUIToggle.obj
         obj\Debug\ofxUIToggleMatrix.obj
         obj\Debug\ofxUIValuePlotter.obj
         obj\Debug\ofxUIWaveform.obj
         obj\Debug\ofxUIWidget.obj
         obj\Debug\ofxUIWidgetWithLabel.obj
         "C:\Program Files\openFrameworks\libs\openFrameworksCompiled\lib\vs\openframeworksLib_debug.lib"
         interactiveSound_FullBody.vcxproj -> C:\Program Files\openFrameworks\apps\myApps\interactiveSound_FullBody\bin\interactiveSound_FullBody_debug.exe
       PostBuildEvent:
         xcopy /e /i /y "C:\Program Files\openFrameworks\apps\myApps\interactiveSound_FullBody\..\..\..\export\vs\*.dll" "C:\Program Files\openFrameworks\apps\myApps\interactiveSound_FullBody\bin"
         :VCEnd
         C:\Program Files\openFrameworks\apps\myApps\interactiveSound_FullBody\..\..\..\export\vs\Assimp32.dll
         C:\Program Files\openFrameworks\apps\myApps\interactiveSound_FullBody\..\..\..\export\vs\fmodex.dll
         C:\Program Files\openFrameworks\apps\myApps\interactiveSound_FullBody\..\..\..\export\vs\fmodexL.dll
         C:\Program Files\openFrameworks\apps\myApps\interactiveSound_FullBody\..\..\..\export\vs\FreeImage.dll
         C:\Program Files\openFrameworks\apps\myApps\interactiveSound_FullBody\..\..\..\export\vs\FreeType-6.dll
         C:\Program Files\openFrameworks\apps\myApps\interactiveSound_FullBody\..\..\..\export\vs\glut32.dll
         C:\Program Files\openFrameworks\apps\myApps\interactiveSound_FullBody\..\..\..\export\vs\libeay32.dll
         C:\Program Files\openFrameworks\apps\myApps\interactiveSound_FullBody\..\..\..\export\vs\ssleay32.dll
         C:\Program Files\openFrameworks\apps\myApps\interactiveSound_FullBody\..\..\..\export\vs\Zlib.dll
         9 File(s) copied
     1>Done Building Project "C:\Program Files\openFrameworks\apps\myApps\interactiveSound_FullBody\interactiveSound_FullBody.vcxproj" (Build target(s)).

Build succeeded.

Time Elapsed 00:00:07.50
